[debug] [2021-01-29T11:49:16.031Z] ----------------------------------------------------------------------
[debug] [2021-01-29T11:49:16.033Z] Command:       C:\Program Files\nodejs\node.exe C:\Users\dasj\AppData\Roaming\npm\node_modules\firebase-tools\lib\bin\firebase.js init hosting
[debug] [2021-01-29T11:49:16.034Z] CLI Version:   9.2.2
[debug] [2021-01-29T11:49:16.034Z] Platform:      win32
[debug] [2021-01-29T11:49:16.034Z] Node Version:  v15.3.0
[debug] [2021-01-29T11:49:16.035Z] Time:          Fri Jan 29 2021 12:49:16 GMT+0100 (centraleuropeisk normaltid)
[debug] [2021-01-29T11:49:16.035Z] ----------------------------------------------------------------------
[debug] [2021-01-29T11:49:16.035Z] 
[debug] [2021-01-29T11:49:16.042Z] > command requires scopes: ["email","openid","https://www.googleapis.com/auth/cloudplatformprojects.readonly","https://www.googleapis.com/auth/firebase","https://www.googleapis.com/auth/cloud-platform"]
[debug] [2021-01-29T11:49:16.042Z] > authorizing via signed-in user
[info] 
     ######## #### ########  ######## ########     ###     ######  ########
     ##        ##  ##     ## ##       ##     ##  ##   ##  ##       ##
     ######    ##  ########  ######   ########  #########  ######  ######
     ##        ##  ##    ##  ##       ##     ## ##     ##       ## ##
     ##       #### ##     ## ######## ########  ##     ##  ######  ########

You're about to initialize a Firebase project in this directory:

  C:\Repos\Private\csbike-web-public

Before we get started, keep in mind:

  * You are currently outside your home directory

[info] 
=== Project Setup
[info] 
[info] First, let's associate this project directory with a Firebase project.
[info] You can create multiple project aliases by running firebase use --add, 
[info] but for now we'll just set up a default project.
[info] 
[debug] [2021-01-29T11:49:21.530Z] >>> [apiv2][query] GET https://firebase.googleapis.com/v1beta1/projects pageSize=100
[debug] [2021-01-29T11:49:21.993Z] <<< [apiv2][status] GET https://firebase.googleapis.com/v1beta1/projects 200
[debug] [2021-01-29T11:49:21.994Z] <<< [apiv2][body] GET https://firebase.googleapis.com/v1beta1/projects [omitted]
[info] i  Using project uido-family (uido-family) 
[info] 
=== Hosting Setup
[info] 
[info] Your public directory is the folder (relative to your project directory) that
[info] will contain Hosting assets to be uploaded with firebase deploy. If you
[info] have a build process for your assets, use your build's output directory.
[info] 
